make all --print-data-base --no-builtin-variables --no-builtin-rules --question
# GNU Make 3.81
# Copyright (C) 2006  Free Software Foundation, Inc.
# This is free software; see the source for copying conditions.
# There is NO warranty; not even for MERCHANTABILITY or FITNESS FOR A
# PARTICULAR PURPOSE.

# This program built for i386-apple-darwin11.3.0

# Make data base, printed on Mon Jul 11 20:07:10 2022

# Variables

# makefile (from `Makefile', line 64)
FILENAME = trainer
# automatic
<D = $(patsubst %/,%,$(dir $<))
# automatic
?F = $(notdir $?)
# environment
ELECTRON_NO_ATTACH_CONSOLE = 1
# environment
HOMEBREW_NO_ANALYTICS = 1
# automatic
?D = $(patsubst %/,%,$(dir $?))
# automatic
@D = $(patsubst %/,%,$(dir $@))
# automatic
@F = $(notdir $@)
# makefile
CURDIR := /Users/Safaemichelot/code/aidakd/matjari
# makefile
SHELL = /bin/sh
# makefile (from `Makefile', line 91)
LOCAL_PATH = "/Users/Safaemichelot/code/aidakd/matjari/raw_data/pictures-from-script/ALL"
# environment
VSCODE_NLS_CONFIG = {"locale":"fr","availableLanguages":{},"_languagePackSupport":true}
# makefile (from `Makefile', line 97)
BUCKET_FILE_NAME = $(shell basename ${LOCAL_PATH})
# environment
_ = /usr/bin/make
# environment
GOOGLE_APPLICATION_CREDENTIALS = /Users/Safaemichelot/code/Safae839/gcp/wagon-bootcamp-352309-66a5237c265c.json
# makefile (from `Makefile', line 1)
MAKEFILE_LIST :=  Makefile
# makefile (from `Makefile', line 50)
PYPI_USERNAME = <AUTHOR>
# environment
VSCODE_CWD = /Users/Safaemichelot/code/aidakd/matjari
# environment
Apple_PubSub_Socket_Render = /private/tmp/com.apple.launchd.NYVcH8LPIA/Render
# environment
PATH = /usr/local/Caskroom/google-cloud-sdk/latest/google-cloud-sdk/bin:./bin:./node_modules/.bin:/Users/Safaemichelot/.pyenv/plugins/pyenv-virtualenv/shims:/Users/Safaemichelot/.rbenv/bin:/Users/Safaemichelot/.pyenv/plugins/pyenv-virtualenv/shims:/Users/Safaemichelot/.pyenv/shims:/Users/Safaemichelot/.pyenv/bin:/usr/local/bin:/usr/bin:/bin:/usr/sbin:/sbin:/usr/local/sbin
# environment
LSCOLORS = Gxfxcxdxbxegedabagacad
# environment
VIRTUAL_ENV = /Users/Safaemichelot/.pyenv/versions/lewagon/envs/matjari
# makefile (from `Makefile', line 67)
RUNTIME_VERSION = 1.15
# environment
ELECTRON_RUN_AS_NODE = 1
# environment
PYENV_ROOT = /Users/Safaemichelot/.pyenv
# default
.FEATURES := target-specific order-only second-expansion else-if archives jobserver check-symlink
# environment
SSH_AUTH_SOCK = /var/folders/fy/xxpgg4yd01l_vn0sxsncb62m0000gn/T//ssh-Z5bZlZr4JR5e/agent.801
# automatic
%F = $(notdir $%)
# environment
PWD = /Users/Safaemichelot/code/aidakd/matjari
# environment
SSH_AGENT_PID = 831
# environment
ORIGINAL_XDG_CURRENT_DESKTOP = undefined
# environment
VSCODE_AMD_ENTRYPOINT = vs/workbench/api/node/extensionHostProcess
# environment
PYENV_SHELL = zsh
# environment
HOME = /Users/Safaemichelot
# default
MAKEFILEPATH = $(shell /usr/bin/xcode-select -print-path 2>/dev/null || echo /Developer)/Makefiles
# environment
VSCODE_CLI = 1
# environment
VSCODE_CODE_CACHE_PATH = /Users/Safaemichelot/Library/Application Support/Code/CachedData/92d25e35d9bf1a6b16f7d0758f25d48ace11e5b9
# environment
LOGNAME = Safaemichelot
# environment
BUNDLER_EDITOR = code
# environment
APPLICATION_INSIGHTS_NO_DIAGNOSTIC_CHANNEL = true
# environment
PYTHONBREAKPOINT = ipdb.set_trace
# environment
VSCODE_HANDLES_UNCAUGHT_ERRORS = true
# automatic
^D = $(patsubst %/,%,$(dir $^))
# environment
XPC_FLAGS = 0x0
# default
MAKE = $(MAKE_COMMAND)
# default
MAKECMDGOALS := all
# environment
SHLVL = 3
# default
MAKE_VERSION := 3.81
# environment
USER = Safaemichelot
# makefile
.DEFAULT_GOAL := install_requirements
# environment
TERM_SESSION_ID = C50451C4-1531-4047-ACDA-1577D7D7AE6E
# environment
LESS = -R
# automatic
%D = $(patsubst %/,%,$(dir $%))
# makefile (from `Makefile', line 66)
PYTHON_VERSION = 3.8
# default
MAKE_COMMAND := /Library/Developer/CommandLineTools/usr/bin/make
# environment
TERM_PROGRAM = Apple_Terminal
# default
.VARIABLES := 
# environment
TMPDIR = /var/folders/fy/xxpgg4yd01l_vn0sxsncb62m0000gn/T/
# automatic
*F = $(notdir $*)
# environment
VSCODE_IPC_HOOK = /Users/Safaemichelot/Library/Application Support/Code/1.69.0-main.sock
# environment
MallocNanoZone = 0
# environment
PYTHONPATH = /Users/Safaemichelot/code/Safae839/data-challenges/04-Decision-Science:
# makefile
MAKEFLAGS = Rrqp
# environment
MFLAGS = -Rrqp
# automatic
*D = $(patsubst %/,%,$(dir $*))
# environment
TERM_PROGRAM_VERSION = 421.2
# environment
NVM_DIR = /Users/Safaemichelot/.nvm
# environment
XPC_SERVICE_NAME = 0
# automatic
+D = $(patsubst %/,%,$(dir $+))
# makefile (from `Makefile', line 94)
BUCKET_FOLDER = data2
# automatic
+F = $(notdir $+)
# makefile (from `Makefile', line 77)
BUCKET_NAME = wagon-data-839-melliani
# makefile (from `Makefile', line 63)
PACKAGE_NAME = matjari
# environment
__CF_USER_TEXT_ENCODING = 0x1F5:0x0:0x1
# default
MAKEFILES := 
# automatic
<F = $(notdir $<)
# environment
EDITOR = code
# environment
PAGER = less
# environment
LC_ALL = C
# environment
PYENV_VIRTUALENV_DISABLE_PROMPT = 1
# environment
PYENV_VIRTUAL_ENV = /Users/Safaemichelot/.pyenv/versions/lewagon/envs/matjari
# environment
SECURITYSESSIONID = 186a8
# automatic
^F = $(notdir $^)
# default
SUFFIXES := 
# makefile (from `Makefile', line 74)
PROJECT_ID = wagon-bootcamp-352309
# environment
PYENV_VIRTUALENV_INIT = 1
# default
.INCLUDE_DIRS = /usr/local/include
# makefile (from `Makefile', line 71)
JOB_NAME = matjari_training_pipeline_$(shell date +'%Y%m%d_%H%M%S')
# environment
MAKELEVEL := 0
# environment
LANG = C
# environment
TERM = xterm-256color
# makefile (from `Makefile', line 69)
BUCKET_TRAINING_FOLDER = 'trainings'
# environment
VSCODE_PID = 2363
# variable set hash-table stats:
# Load=93/1024=9%, Rehash=0, Collisions=3/119=3%

# Pattern-specific Variable Values

# No pattern-specific variable values.

# Directories

# . (device 16777220, inode 12890446874): 20 files, no impossibilities.

# 20 files, no impossibilities in 1 directories.

# Implicit Rules

# No implicit rules.

# Files

black:
#  Implicit rule search has not been done.
#  Modification time never checked.
#  File has not been updated.
#  commands to execute (from `Makefile', line 11):
	@black scripts/* matjari/*.py
	

all: clean install test black check_code
#  Command-line target.
#  Implicit rule search has been done.
#  File does not exist.
#  File has been updated.
#  Needs to be updated (-q is set).
# variable set hash-table stats:
# Load=0/32=0%, Rehash=0, Collisions=0/2=0%

install_requirements:
#  Implicit rule search has not been done.
#  Modification time never checked.
#  File has not been updated.
#  commands to execute (from `Makefile', line 5):
	@pip install -r requirements.txt
	

pypi:
#  Implicit rule search has not been done.
#  Modification time never checked.
#  File has not been updated.
#  commands to execute (from `Makefile', line 58):
	@twine upload dist/* -u $(PYPI_USERNAME)
	

# Not a target:
.SUFFIXES:
#  Implicit rule search has not been done.
#  Modification time never checked.
#  File has not been updated.

# Not a target:
Makefile:
#  Implicit rule search has been done.
#  Last modified 2022-07-09 16:41:53
#  File has been updated.
#  Successfully updated.
# variable set hash-table stats:
# Load=0/32=0%, Rehash=0, Collisions=0/0=0%

test:
#  Implicit rule search has not been done.
#  Modification time never checked.
#  File has not been updated.
#  commands to execute (from `Makefile', line 14):
	@coverage run -m pytest tests/*.py
	@coverage report -m --omit="${VIRTUAL_ENV}/lib/python*"
	

gcp_submit_training:
#  Implicit rule search has not been done.
#  Modification time never checked.
#  File has not been updated.
#  commands to execute (from `Makefile', line 103):
	gcloud ai-platform jobs submit training ${JOB_NAME}
	--job-dir gs://${BUCKET_NAME}/${BUCKET_TRAINING_FOLDER}/  \
	--package-path ${PACKAGE_NAME} \
	--module-name ${PACKAGE_NAME}.${FILENAME} \
	--python-version=${PYTHON_VERSION} \
	--runtime-version=${RUNTIME_VERSION} \
	--region europe-west1 \
	--stream-logs
	

build:
#  Implicit rule search has not been done.
#  Modification time never checked.
#  File has not been updated.
#  commands to execute (from `Makefile', line 52):
	@python setup.py sdist bdist_wheel
	

 
upload_data:
#  Implicit rule search has not been done.
#  Modification time never checked.
#  File has not been updated.
#  commands to execute (from `Makefile', line 100):
	@gsutil cp -r ${LOCAL_PATH} gs://${BUCKET_NAME}/${BUCKET_FOLDER}/${BUCKET_FILE_NAME}
	

set_project:
#  Implicit rule search has not been done.
#  Modification time never checked.
#  File has not been updated.
#  commands to execute (from `Makefile', line 83):
	@gcloud config set project ${PROJECT_ID}
	

check_code:
#  Implicit rule search has not been done.
#  Modification time never checked.
#  File has not been updated.
#  commands to execute (from `Makefile', line 8):
	@flake8 scripts/* matjari/*.py
	

count_lines:
#  Implicit rule search has not been done.
#  Modification time never checked.
#  File has not been updated.
#  commands to execute (from `Makefile', line 35):
	@find ./ -name '*.py' -exec  wc -l {} \; | sort -n| awk \
	'{printf "%4s %s\n", $$1, $$2}{s+=$$0}END{print s}'
	@echo ''
	@find ./scripts -name '*-*' -exec  wc -l {} \; | sort -n| awk \
	'{printf "%4s %s\n", $$1, $$2}{s+=$$0}END{print s}'
	@echo ''
	@find ./tests -name '*.py' -exec  wc -l {} \; | sort -n| awk \
	'{printf "%4s %s\n", $$1, $$2}{s+=$$0}END{print s}'
	@echo ''
	

# Not a target:
.DEFAULT:
#  Implicit rule search has not been done.
#  Modification time never checked.
#  File has not been updated.

create_bucket:
#  Implicit rule search has not been done.
#  Modification time never checked.
#  File has not been updated.
#  commands to execute (from `Makefile', line 86):
	@gsutil mb -l europe-west1 -p ${PROJECT_ID} gs://${BUCKET_NAME}
	

clean:
#  Implicit rule search has not been done.
#  Implicit/static pattern stem: `'
#  File does not exist.
#  File has been updated.
#  Needs to be updated (-q is set).
# automatic
# @ := clean
# automatic
# % := 
# automatic
# * := 
# automatic
# + := 
# automatic
# | := 
# automatic
# < := 
# automatic
# ^ := 
# automatic
# ? := 
# variable set hash-table stats:
# Load=8/32=25%, Rehash=0, Collisions=1/10=10%
#  commands to execute (from `Makefile', line 21):
	@rm -f */version.txt
	@rm -f .coverage
	@rm -fr */__pycache__ */*.pyc __pycache__
	@rm -fr build dist
	@rm -fr matjari-*.dist-info
	@rm -fr matjari.egg-info
	

run_locally:
#  Implicit rule search has not been done.
#  Modification time never checked.
#  File has not been updated.
#  commands to execute (from `Makefile', line 46):
	@python -m ${PACKAGE_NAME}.${FILENAME}
	

ftest:
#  Implicit rule search has not been done.
#  Modification time never checked.
#  File has not been updated.
#  commands to execute (from `Makefile', line 18):
	@Write me
	

pypi_test:
#  Implicit rule search has not been done.
#  Modification time never checked.
#  File has not been updated.
#  commands to execute (from `Makefile', line 55):
	@twine upload -r testpypi dist/* -u $(PYPI_USERNAME)
	

install:
#  Implicit rule search has not been done.
#  Modification time never checked.
#  File has not been updated.
#  commands to execute (from `Makefile', line 29):
	@pip install . -U
	

# files hash-table stats:
# Load=20/1024=2%, Rehash=0, Collisions=0/39=0%
# VPATH Search Paths

# No `vpath' search paths.

# No general (`VPATH' variable) search path.

# # of strings in strcache: 1
# # of strcache buffers: 1
# strcache size: total = 4096 / max = 4096 / min = 4096 / avg = 4096
# strcache free: total = 4087 / max = 4087 / min = 4087 / avg = 4087

# Finished Make data base on Mon Jul 11 20:07:10 2022

 
